<?xml version="1.0" encoding="UTF-8"?>
<!-- Generated by org.testng.reporters.JUnitXMLReporter -->
<testsuite ignored="4" hostname="DELL-PC" failures="0" tests="4" name="Test" time="0.122" errors="0" timestamp="2022-05-06T10:24:13 IST">
  <testcase classname="com.crm.comcast.genericUtility.BaseClass" name="@BeforeClass bcConfig" time="-1.651812853752E9">
    <failure type="org.testng.TestNGException" message="
Parameter &amp;apos;BROWSER&amp;apos; is required by BeforeClass on method bcConfig but has not been marked @Optional or defined
in D:\workspace\workspace1\SDET34-SELENIUM-FRAMEWORK\fullregersiontestng.xml">
      <![CDATA[org.testng.TestNGException: 
Parameter 'BROWSER' is required by BeforeClass on method bcConfig but has not been marked @Optional or defined
in D:\workspace\workspace1\SDET34-SELENIUM-FRAMEWORK\fullregersiontestng.xml
at java.base/java.util.ArrayList.forEach(ArrayList.java:1511)
... Removed 22 stack frames]]>
    </failure>
  </testcase> <!-- @BeforeClass bcConfig -->
  <testcase classname="com.crm.comcast.genericUtility.BaseClass" name="@BeforeMethod bmConfig" time="-1.651812853787E9">
    <skipped/>
  </testcase> <!-- @BeforeMethod bmConfig -->
  <testcase classname="com.crm.comcast.genericUtility.BaseClass" name="@AfterMethod amConfig" time="-1.651812853796E9">
    <skipped/>
  </testcase> <!-- @AfterMethod amConfig -->
  <testcase classname="com.crm.comcast.genericUtility.BaseClass" name="@BeforeMethod bmConfig" time="-1.651812853801E9">
    <skipped/>
  </testcase> <!-- @BeforeMethod bmConfig -->
  <testcase classname="com.crm.comcast.genericUtility.BaseClass" name="@AfterMethod amConfig" time="-1.651812853809E9">
    <skipped/>
  </testcase> <!-- @AfterMethod amConfig -->
  <testcase classname="com.crm.comcast.genericUtility.BaseClass" name="@AfterClass acConfig" time="-1.651812853813E9">
    <skipped/>
  </testcase> <!-- @AfterClass acConfig -->
  <testcase classname="com.crm.comcast.genericUtility.BaseClass" name="@BeforeClass bcConfig" time="-1.65181285382E9">
    <failure type="org.testng.TestNGException" message="
Parameter &amp;apos;BROWSER&amp;apos; is required by BeforeClass on method bcConfig but has not been marked @Optional or defined
in D:\workspace\workspace1\SDET34-SELENIUM-FRAMEWORK\fullregersiontestng.xml">
      <![CDATA[org.testng.TestNGException: 
Parameter 'BROWSER' is required by BeforeClass on method bcConfig but has not been marked @Optional or defined
in D:\workspace\workspace1\SDET34-SELENIUM-FRAMEWORK\fullregersiontestng.xml
at java.base/java.util.ArrayList.forEach(ArrayList.java:1511)
... Removed 22 stack frames]]>
    </failure>
  </testcase> <!-- @BeforeClass bcConfig -->
  <testcase classname="com.crm.comcast.genericUtility.BaseClass" name="@BeforeMethod bmConfig" time="-1.651812853823E9">
    <skipped/>
  </testcase> <!-- @BeforeMethod bmConfig -->
  <testcase classname="com.crm.comcast.genericUtility.BaseClass" name="@AfterMethod amConfig" time="-1.65181285383E9">
    <skipped/>
  </testcase> <!-- @AfterMethod amConfig -->
  <testcase classname="com.crm.comcast.genericUtility.BaseClass" name="@AfterClass acConfig" time="-1.651812853832E9">
    <skipped/>
  </testcase> <!-- @AfterClass acConfig -->
  <testcase classname="com.crm.comcast.genericUtility.BaseClass" name="@BeforeClass bcConfig" time="-1.651812853834E9">
    <failure type="org.testng.TestNGException" message="
Parameter &amp;apos;BROWSER&amp;apos; is required by BeforeClass on method bcConfig but has not been marked @Optional or defined
in D:\workspace\workspace1\SDET34-SELENIUM-FRAMEWORK\fullregersiontestng.xml">
      <![CDATA[org.testng.TestNGException: 
Parameter 'BROWSER' is required by BeforeClass on method bcConfig but has not been marked @Optional or defined
in D:\workspace\workspace1\SDET34-SELENIUM-FRAMEWORK\fullregersiontestng.xml
at java.base/java.util.ArrayList.forEach(ArrayList.java:1511)
... Removed 22 stack frames]]>
    </failure>
  </testcase> <!-- @BeforeClass bcConfig -->
  <testcase classname="com.crm.comcast.genericUtility.BaseClass" name="@BeforeMethod bmConfig" time="-1.651812853838E9">
    <skipped/>
  </testcase> <!-- @BeforeMethod bmConfig -->
  <testcase classname="com.crm.comcast.genericUtility.BaseClass" name="@AfterMethod amConfig" time="-1.651812853844E9">
    <skipped/>
  </testcase> <!-- @AfterMethod amConfig -->
  <testcase classname="com.crm.comcast.genericUtility.BaseClass" name="@AfterClass acConfig" time="-1.651812853846E9">
    <skipped/>
  </testcase> <!-- @AfterClass acConfig -->
  <testcase classname="com.crm.comcast.testNG.Contactscript" name="contactHandleDropDown" time="0.0">
    <skipped/>
  </testcase> <!-- contactHandleDropDown -->
  <testcase classname="com.crm.comcast.testNG.Contactscript" name="frameworkContactProduct" time="0.0">
    <skipped/>
  </testcase> <!-- frameworkContactProduct -->
  <testcase classname="com.crm.comcast.compaign.CompaignVitiger" name="compaign" time="0.0">
    <skipped/>
  </testcase> <!-- compaign -->
  <testcase classname="com.crm.practise.ExecuteFrameWorkOrganization" name="frameWorkOraganization" time="0.0">
    <skipped/>
  </testcase> <!-- frameWorkOraganization -->
  <testcase classname="com.crm.comcast.genericUtility.BaseClass" name="@AfterSuite asConfig" time="0.0">
    <ignored/>
  </testcase> <!-- @AfterSuite asConfig -->
  <testcase classname="com.crm.comcast.genericUtility.BaseClass" name="@AfterSuite asConfig" time="0.0">
    <ignored/>
  </testcase> <!-- @AfterSuite asConfig -->
  <testcase classname="com.crm.comcast.genericUtility.BaseClass" name="@BeforeSuite bsConfig" time="0.0">
    <ignored/>
  </testcase> <!-- @BeforeSuite bsConfig -->
  <testcase classname="com.crm.comcast.genericUtility.BaseClass" name="@BeforeSuite bsConfig" time="0.0">
    <ignored/>
  </testcase> <!-- @BeforeSuite bsConfig -->
</testsuite> <!-- Test -->
